2022-10-07 04:41:06,7 root INFO Start
2022-10-07 04:41:06,37 root INFO registered ourselves on D-Bus as com.victronenergy.pvinverter.http_20
2022-10-07 04:41:06,69 root INFO Connected to dbus, and switching over to gobject.MainLoop() (= event based)
2022-10-07 04:41:11,64 root CRITICAL Error at _update
Traceback (most recent call last):
  File "dbus-solarlog-json.py", line 129, in _update
    meter_data = self._getShellyData()
AttributeError: 'DbusSolarlogJsonService' object has no attribute '_getShellyData'
2022-10-07 04:42:35,429 root INFO Start
2022-10-07 04:42:35,458 root INFO registered ourselves on D-Bus as com.victronenergy.pvinverter.http_20
2022-10-07 04:42:35,490 root INFO Connected to dbus, and switching over to gobject.MainLoop() (= event based)
2022-10-07 04:42:51,320 root INFO Start
2022-10-07 04:42:51,344 root INFO registered ourselves on D-Bus as com.victronenergy.pvinverter.http_20
2022-10-07 04:42:51,365 root INFO Connected to dbus, and switching over to gobject.MainLoop() (= event based)
2022-10-07 04:43:51,368 root INFO --- Start: sign of life ---
2022-10-07 04:43:51,370 root INFO Last _update() call: 1665117826.516522
2022-10-07 04:43:51,379 root INFO Last '/Ac/Power': 0
2022-10-07 04:43:51,381 root INFO --- End: sign of life ---
2022-10-07 04:44:51,370 root INFO --- Start: sign of life ---
2022-10-07 04:44:51,372 root INFO Last _update() call: 1665117886.561547
2022-10-07 04:44:51,373 root INFO Last '/Ac/Power': 0
2022-10-07 04:44:51,374 root INFO --- End: sign of life ---
2022-10-07 04:45:51,373 root INFO --- Start: sign of life ---
2022-10-07 04:45:51,375 root INFO Last _update() call: 1665117946.5766232
2022-10-07 04:45:51,376 root INFO Last '/Ac/Power': 0
2022-10-07 04:45:51,376 root INFO --- End: sign of life ---
2022-10-07 04:46:51,375 root INFO --- Start: sign of life ---
2022-10-07 04:46:51,377 root INFO Last _update() call: 1665118006.6063037
2022-10-07 04:46:51,378 root INFO Last '/Ac/Power': 0
2022-10-07 04:46:51,379 root INFO --- End: sign of life ---
2022-10-07 04:47:51,378 root INFO --- Start: sign of life ---
2022-10-07 04:47:51,381 root INFO Last _update() call: 1665118066.6567523
2022-10-07 04:47:51,382 root INFO Last '/Ac/Power': 0
2022-10-07 04:47:51,382 root INFO --- End: sign of life ---
